<?xml version="1.0" encoding="UTF-8"?>
<!-- Generated by org.testng.reporters.JUnitReportReporter -->
<testsuite hostname="LAPTOP-BPFER8PG" failures="0" tests="2" name="testCases.TC001_AccountRegistrationTest" time="5.636" errors="0" timestamp="2026-02-08T22:08:13 IST" skipped="0">
  <testcase classname="testCases.TC001_AccountRegistrationTest" name="verify_account_registration" time="2.571"/>
  <testcase classname="testCases.TC001_AccountRegistrationTest" name="verify_account_registration" time="3.065"/>
</testsuite> <!-- testCases.TC001_AccountRegistrationTest -->
